C:\Users\Kristin\.CLion2017.2\system\cygwin_cmake\bin\cmake.exe -DCMAKE_BUILD_TYPE=Debug -G "CodeBlocks - Unix Makefiles" "/cygdrive/c/Users/Kristin/Documents/00FH/3. Semester/01 Algorithmen und Datenstruckturen/blatt-7-aufgabe-1-team123final"
CMake Warning at /cygdrive/c/Users/Kristin/.CLion2017.2/system/cygwin_cmake/share/cmake-3.8.2/Modules/Platform/CYGWIN.cmake:15 (message):
  CMake no longer defines WIN32 on Cygwin!

  (1) If you are just trying to build this project, ignore this warning or
  quiet it by setting CMAKE_LEGACY_CYGWIN_WIN32=0 in your environment or in
  the CMake cache.  If later configuration or build errors occur then this
  project may have been written under the assumption that Cygwin is WIN32.
  In that case, set CMAKE_LEGACY_CYGWIN_WIN32=1 instead.

  (2) If you are developing this project, add the line

    set(CMAKE_LEGACY_CYGWIN_WIN32 0) # Remove when CMake >= 2.8.4 is required

  at the top of your top-level CMakeLists.txt file or set the minimum
  required version of CMake to 2.8.4 or higher.  Then teach your project to
  build on Cygwin without WIN32.
Call Stack (most recent call first):
  /cygdrive/c/Users/Kristin/.CLion2017.2/system/cygwin_cmake/share/cmake-3.8.2/Modules/CMakeSystemSpecificInformation.cmake:26 (include)
  CMakeLists.txt:3 (project)


-- Configuring done
-- Generating done
-- Build files have been written to: /cygdrive/c/Users/Kristin/Documents/00FH/3. Semester/01 Algorithmen und Datenstruckturen/blatt-7-aufgabe-1-team123final/cmake-build-debug/googletest-download
[ 11%] Performing update step for 'googletest'
fatal: unable to access 'https://github.com/google/googletest.git/': Could not resolve host: github.com
CMake Error at /cygdrive/c/Users/Kristin/Documents/00FH/3. Semester/01 Algorithmen und Datenstruckturen/blatt-7-aufgabe-1-team123final/cmake-build-debug/googletest-download/googletest-prefix/tmp/googletest-gitupdate.cmake:58 (message):
  Failed to fetch repository 'https://github.com/google/googletest.git'


make[2]: *** [CMakeFiles/googletest.dir/build.make:96: googletest-prefix/src/googletest-stamp/googletest-update] Error 1
make[1]: *** [CMakeFiles/Makefile2:68: CMakeFiles/googletest.dir/all] Error 2
make: *** [Makefile:84: all] Error 2
-- Configuring done
-- Generating done
-- Build files have been written to: /cygdrive/c/Users/Kristin/Documents/00FH/3. Semester/01 Algorithmen und Datenstruckturen/blatt-7-aufgabe-1-team123final/cmake-build-debug
